2019-12-09 10:24:50,330 INFO (StartupInfoLogger.java:55)- Starting Startup on LAPTOP-3H9KE96D with PID 2752 (D:\projects\ShoppingMall\chq-oauth2server\target\classes started by 17869 in D:\projects\ShoppingMall)
2019-12-09 10:24:50,334 DEBUG (StartupInfoLogger.java:56)- Running with Spring Boot v2.2.1.RELEASE, Spring v5.2.1.RELEASE
2019-12-09 10:24:50,334 INFO (SpringApplication.java:651)- No active profile set, falling back to default profiles: default
2019-12-09 10:24:54,454 INFO (StartupInfoLogger.java:61)- Started Startup in 4.939 seconds (JVM running for 7.777)
2019-12-09 10:25:03,800 DEBUG (JakartaCommonsLoggingImpl.java:54)- ==>  Preparing: select id,username,password,name,id_card_num,state from sys_user where username = ? 
2019-12-09 10:25:03,920 DEBUG (JakartaCommonsLoggingImpl.java:54)- ==> Parameters: admin(String)
2019-12-09 10:25:03,952 DEBUG (JakartaCommonsLoggingImpl.java:54)- <==      Total: 1
2019-12-09 10:25:04,001 DEBUG (JakartaCommonsLoggingImpl.java:54)- ==>  Preparing: select id,username,password,name,id_card_num,state from sys_user where username = ? 
2019-12-09 10:25:04,001 DEBUG (JakartaCommonsLoggingImpl.java:54)- ==> Parameters: admin(String)
2019-12-09 10:25:04,003 DEBUG (JakartaCommonsLoggingImpl.java:54)- <==      Total: 1
2019-12-09 10:25:04,005 DEBUG (JakartaCommonsLoggingImpl.java:54)- ==>  Preparing: select id,name from sys_role where id in (select rid from sys_user_role where uid = ?) 
2019-12-09 10:25:04,008 DEBUG (JakartaCommonsLoggingImpl.java:54)- ==> Parameters: 1(Long)
2019-12-09 10:25:04,009 DEBUG (JakartaCommonsLoggingImpl.java:54)- <==      Total: 1
2019-12-09 10:25:04,010 DEBUG (JakartaCommonsLoggingImpl.java:54)- ==>  Preparing: select id,name,url,type,pid from sys_resources where id in (select res_id from sys_role_resources where role_id = ?) 
2019-12-09 10:25:04,011 DEBUG (JakartaCommonsLoggingImpl.java:54)- ==> Parameters: 1(Long)
2019-12-09 10:25:04,015 DEBUG (JakartaCommonsLoggingImpl.java:54)- <==      Total: 10
2019-12-09 10:26:07,331 DEBUG (JakartaCommonsLoggingImpl.java:54)- ==>  Preparing: select id,username,password,name,id_card_num,state from sys_user where username = ? 
2019-12-09 10:26:07,332 DEBUG (JakartaCommonsLoggingImpl.java:54)- ==> Parameters: admin(String)
2019-12-09 10:26:07,334 DEBUG (JakartaCommonsLoggingImpl.java:54)- <==      Total: 1
2019-12-09 10:26:07,334 DEBUG (JakartaCommonsLoggingImpl.java:54)- ==>  Preparing: select id,name from sys_role where id in (select rid from sys_user_role where uid = ?) 
2019-12-09 10:26:07,335 DEBUG (JakartaCommonsLoggingImpl.java:54)- ==> Parameters: 1(Long)
2019-12-09 10:26:07,337 DEBUG (JakartaCommonsLoggingImpl.java:54)- <==      Total: 1
2019-12-09 10:26:07,338 DEBUG (JakartaCommonsLoggingImpl.java:54)- ==>  Preparing: select id,name,url,type,pid from sys_resources where id in (select res_id from sys_role_resources where role_id = ?) 
2019-12-09 10:26:07,339 DEBUG (JakartaCommonsLoggingImpl.java:54)- ==> Parameters: 1(Long)
2019-12-09 10:26:07,349 DEBUG (JakartaCommonsLoggingImpl.java:54)- <==      Total: 10
2019-12-09 10:26:22,363 DEBUG (JakartaCommonsLoggingImpl.java:54)- ==>  Preparing: select id,username,password,name,id_card_num,state from sys_user where username = ? 
2019-12-09 10:26:22,364 DEBUG (JakartaCommonsLoggingImpl.java:54)- ==> Parameters: admin(String)
2019-12-09 10:26:22,368 DEBUG (JakartaCommonsLoggingImpl.java:54)- <==      Total: 1
2019-12-09 10:26:22,370 DEBUG (JakartaCommonsLoggingImpl.java:54)- ==>  Preparing: select id,name from sys_role where id in (select rid from sys_user_role where uid = ?) 
2019-12-09 10:26:22,371 DEBUG (JakartaCommonsLoggingImpl.java:54)- ==> Parameters: 1(Long)
2019-12-09 10:26:22,375 DEBUG (JakartaCommonsLoggingImpl.java:54)- <==      Total: 1
2019-12-09 10:26:22,376 DEBUG (JakartaCommonsLoggingImpl.java:54)- ==>  Preparing: select id,name,url,type,pid from sys_resources where id in (select res_id from sys_role_resources where role_id = ?) 
2019-12-09 10:26:22,377 DEBUG (JakartaCommonsLoggingImpl.java:54)- ==> Parameters: 1(Long)
2019-12-09 10:26:22,391 DEBUG (JakartaCommonsLoggingImpl.java:54)- <==      Total: 10
2019-12-09 10:27:24,914 DEBUG (JakartaCommonsLoggingImpl.java:54)- ==>  Preparing: select id,username,password,name,id_card_num,state from sys_user where username = ? 
2019-12-09 10:27:24,916 DEBUG (JakartaCommonsLoggingImpl.java:54)- ==> Parameters: admin(String)
2019-12-09 10:27:24,923 DEBUG (JakartaCommonsLoggingImpl.java:54)- <==      Total: 1
2019-12-09 10:27:24,924 DEBUG (JakartaCommonsLoggingImpl.java:54)- ==>  Preparing: select id,name from sys_role where id in (select rid from sys_user_role where uid = ?) 
2019-12-09 10:27:24,924 DEBUG (JakartaCommonsLoggingImpl.java:54)- ==> Parameters: 1(Long)
2019-12-09 10:27:24,926 DEBUG (JakartaCommonsLoggingImpl.java:54)- <==      Total: 1
2019-12-09 10:27:24,927 DEBUG (JakartaCommonsLoggingImpl.java:54)- ==>  Preparing: select id,name,url,type,pid from sys_resources where id in (select res_id from sys_role_resources where role_id = ?) 
2019-12-09 10:27:24,928 DEBUG (JakartaCommonsLoggingImpl.java:54)- ==> Parameters: 1(Long)
2019-12-09 10:27:24,935 DEBUG (JakartaCommonsLoggingImpl.java:54)- <==      Total: 10
2019-12-09 10:28:44,516 DEBUG (JakartaCommonsLoggingImpl.java:54)- ==>  Preparing: select id,username,password,name,id_card_num,state from sys_user where username = ? 
2019-12-09 10:28:44,516 DEBUG (JakartaCommonsLoggingImpl.java:54)- ==> Parameters: admin(String)
2019-12-09 10:28:44,518 DEBUG (JakartaCommonsLoggingImpl.java:54)- <==      Total: 1
2019-12-09 10:28:44,519 DEBUG (JakartaCommonsLoggingImpl.java:54)- ==>  Preparing: select id,name from sys_role where id in (select rid from sys_user_role where uid = ?) 
2019-12-09 10:28:44,519 DEBUG (JakartaCommonsLoggingImpl.java:54)- ==> Parameters: 1(Long)
2019-12-09 10:28:44,525 DEBUG (JakartaCommonsLoggingImpl.java:54)- <==      Total: 1
2019-12-09 10:28:44,526 DEBUG (JakartaCommonsLoggingImpl.java:54)- ==>  Preparing: select id,name,url,type,pid from sys_resources where id in (select res_id from sys_role_resources where role_id = ?) 
2019-12-09 10:28:44,528 DEBUG (JakartaCommonsLoggingImpl.java:54)- ==> Parameters: 1(Long)
2019-12-09 10:28:44,533 DEBUG (JakartaCommonsLoggingImpl.java:54)- <==      Total: 10
2019-12-09 10:28:51,986 DEBUG (JakartaCommonsLoggingImpl.java:54)- ==>  Preparing: select id,username,password,name,id_card_num,state from sys_user where username = ? 
2019-12-09 10:28:51,988 DEBUG (JakartaCommonsLoggingImpl.java:54)- ==> Parameters: admin(String)
2019-12-09 10:28:51,992 DEBUG (JakartaCommonsLoggingImpl.java:54)- <==      Total: 1
2019-12-09 10:28:51,995 DEBUG (JakartaCommonsLoggingImpl.java:54)- ==>  Preparing: select id,name from sys_role where id in (select rid from sys_user_role where uid = ?) 
2019-12-09 10:28:51,996 DEBUG (JakartaCommonsLoggingImpl.java:54)- ==> Parameters: 1(Long)
2019-12-09 10:28:51,998 DEBUG (JakartaCommonsLoggingImpl.java:54)- <==      Total: 1
2019-12-09 10:28:52,000 DEBUG (JakartaCommonsLoggingImpl.java:54)- ==>  Preparing: select id,name,url,type,pid from sys_resources where id in (select res_id from sys_role_resources where role_id = ?) 
2019-12-09 10:28:52,000 DEBUG (JakartaCommonsLoggingImpl.java:54)- ==> Parameters: 1(Long)
2019-12-09 10:28:52,004 DEBUG (JakartaCommonsLoggingImpl.java:54)- <==      Total: 10
2019-12-09 11:10:01,461 INFO (StartupInfoLogger.java:55)- Starting Startup on LAPTOP-3H9KE96D with PID 13820 (D:\projects\ShoppingMall\chq-oauth2server\target\classes started by 17869 in D:\projects\ShoppingMall)
2019-12-09 11:10:01,466 DEBUG (StartupInfoLogger.java:56)- Running with Spring Boot v2.2.1.RELEASE, Spring v5.2.1.RELEASE
2019-12-09 11:10:01,467 INFO (SpringApplication.java:651)- No active profile set, falling back to default profiles: default
2019-12-09 11:10:04,891 INFO (StartupInfoLogger.java:61)- Started Startup in 4.405 seconds (JVM running for 5.513)
2019-12-09 11:10:09,703 DEBUG (JakartaCommonsLoggingImpl.java:54)- ==>  Preparing: select id,username,password,name,id_card_num,state from sys_user where username = ? 
2019-12-09 11:10:09,807 DEBUG (JakartaCommonsLoggingImpl.java:54)- ==> Parameters: admin(String)
2019-12-09 11:10:09,835 DEBUG (JakartaCommonsLoggingImpl.java:54)- <==      Total: 1
2019-12-09 11:10:09,841 DEBUG (JakartaCommonsLoggingImpl.java:54)- ==>  Preparing: select id,name from sys_role where id in (select rid from sys_user_role where uid = ?) 
2019-12-09 11:10:09,845 DEBUG (JakartaCommonsLoggingImpl.java:54)- ==> Parameters: 1(Long)
2019-12-09 11:10:09,847 DEBUG (JakartaCommonsLoggingImpl.java:54)- <==      Total: 1
2019-12-09 11:10:09,848 DEBUG (JakartaCommonsLoggingImpl.java:54)- ==>  Preparing: select id,name,url,type,pid from sys_resources where id in (select res_id from sys_role_resources where role_id = ?) 
2019-12-09 11:10:09,849 DEBUG (JakartaCommonsLoggingImpl.java:54)- ==> Parameters: 1(Long)
2019-12-09 11:10:09,852 DEBUG (JakartaCommonsLoggingImpl.java:54)- <==      Total: 10
2019-12-09 11:10:37,428 DEBUG (JakartaCommonsLoggingImpl.java:54)- ==>  Preparing: select id,username,password,name,id_card_num,state from sys_user where username = ? 
2019-12-09 11:10:37,431 DEBUG (JakartaCommonsLoggingImpl.java:54)- ==> Parameters: admin(String)
2019-12-09 11:10:37,433 DEBUG (JakartaCommonsLoggingImpl.java:54)- <==      Total: 1
2019-12-09 11:10:37,434 DEBUG (JakartaCommonsLoggingImpl.java:54)- ==>  Preparing: select id,name from sys_role where id in (select rid from sys_user_role where uid = ?) 
2019-12-09 11:10:37,434 DEBUG (JakartaCommonsLoggingImpl.java:54)- ==> Parameters: 1(Long)
2019-12-09 11:10:37,435 DEBUG (JakartaCommonsLoggingImpl.java:54)- <==      Total: 1
2019-12-09 11:10:37,436 DEBUG (JakartaCommonsLoggingImpl.java:54)- ==>  Preparing: select id,name,url,type,pid from sys_resources where id in (select res_id from sys_role_resources where role_id = ?) 
2019-12-09 11:10:37,437 DEBUG (JakartaCommonsLoggingImpl.java:54)- ==> Parameters: 1(Long)
2019-12-09 11:10:37,441 DEBUG (JakartaCommonsLoggingImpl.java:54)- <==      Total: 10
2019-12-09 11:12:06,541 DEBUG (JakartaCommonsLoggingImpl.java:54)- ==>  Preparing: select id,username,password,name,id_card_num,state from sys_user where username = ? 
2019-12-09 11:12:06,542 DEBUG (JakartaCommonsLoggingImpl.java:54)- ==> Parameters: admin(String)
2019-12-09 11:12:06,543 DEBUG (JakartaCommonsLoggingImpl.java:54)- <==      Total: 1
2019-12-09 11:12:06,543 DEBUG (JakartaCommonsLoggingImpl.java:54)- ==>  Preparing: select id,name from sys_role where id in (select rid from sys_user_role where uid = ?) 
2019-12-09 11:12:06,544 DEBUG (JakartaCommonsLoggingImpl.java:54)- ==> Parameters: 1(Long)
2019-12-09 11:12:06,545 DEBUG (JakartaCommonsLoggingImpl.java:54)- <==      Total: 1
2019-12-09 11:12:06,546 DEBUG (JakartaCommonsLoggingImpl.java:54)- ==>  Preparing: select id,name,url,type,pid from sys_resources where id in (select res_id from sys_role_resources where role_id = ?) 
2019-12-09 11:12:06,546 DEBUG (JakartaCommonsLoggingImpl.java:54)- ==> Parameters: 1(Long)
2019-12-09 11:12:06,548 DEBUG (JakartaCommonsLoggingImpl.java:54)- <==      Total: 10
2019-12-09 11:12:35,947 DEBUG (JakartaCommonsLoggingImpl.java:54)- ==>  Preparing: select id,username,password,name,id_card_num,state from sys_user where username = ? 
2019-12-09 11:12:35,947 DEBUG (JakartaCommonsLoggingImpl.java:54)- ==> Parameters: admin(String)
2019-12-09 11:12:35,950 DEBUG (JakartaCommonsLoggingImpl.java:54)- <==      Total: 1
2019-12-09 11:12:35,952 DEBUG (JakartaCommonsLoggingImpl.java:54)- ==>  Preparing: select id,name from sys_role where id in (select rid from sys_user_role where uid = ?) 
2019-12-09 11:12:35,952 DEBUG (JakartaCommonsLoggingImpl.java:54)- ==> Parameters: 1(Long)
2019-12-09 11:12:35,952 DEBUG (JakartaCommonsLoggingImpl.java:54)- <==      Total: 1
2019-12-09 11:12:35,956 DEBUG (JakartaCommonsLoggingImpl.java:54)- ==>  Preparing: select id,name,url,type,pid from sys_resources where id in (select res_id from sys_role_resources where role_id = ?) 
2019-12-09 11:12:35,956 DEBUG (JakartaCommonsLoggingImpl.java:54)- ==> Parameters: 1(Long)
2019-12-09 11:12:35,957 DEBUG (JakartaCommonsLoggingImpl.java:54)- <==      Total: 10
2019-12-09 13:32:50,691 INFO (StartupInfoLogger.java:55)- Starting Startup on LAPTOP-3H9KE96D with PID 12576 (D:\projects\ShoppingMall\chq-oauth2server\target\classes started by 17869 in D:\projects\ShoppingMall)
2019-12-09 13:32:50,694 DEBUG (StartupInfoLogger.java:56)- Running with Spring Boot v2.2.1.RELEASE, Spring v5.2.1.RELEASE
2019-12-09 13:32:50,695 INFO (SpringApplication.java:651)- No active profile set, falling back to default profiles: default
2019-12-09 13:32:54,442 INFO (StartupInfoLogger.java:61)- Started Startup in 4.305 seconds (JVM running for 6.151)
2019-12-09 13:33:14,542 DEBUG (JakartaCommonsLoggingImpl.java:54)- ==>  Preparing: select id,username,password,name,id_card_num,state from sys_user where username = ? 
2019-12-09 13:33:14,663 DEBUG (JakartaCommonsLoggingImpl.java:54)- ==> Parameters: admin(String)
2019-12-09 13:33:14,693 DEBUG (JakartaCommonsLoggingImpl.java:54)- <==      Total: 1
2019-12-09 13:33:14,731 DEBUG (JakartaCommonsLoggingImpl.java:54)- ==>  Preparing: select id,username,password,name,id_card_num,state from sys_user where username = ? 
2019-12-09 13:33:14,732 DEBUG (JakartaCommonsLoggingImpl.java:54)- ==> Parameters: admin(String)
2019-12-09 13:33:14,734 DEBUG (JakartaCommonsLoggingImpl.java:54)- <==      Total: 1
2019-12-09 13:33:14,735 DEBUG (JakartaCommonsLoggingImpl.java:54)- ==>  Preparing: select id,name from sys_role where id in (select rid from sys_user_role where uid = ?) 
2019-12-09 13:33:14,738 DEBUG (JakartaCommonsLoggingImpl.java:54)- ==> Parameters: 1(Long)
2019-12-09 13:33:14,741 DEBUG (JakartaCommonsLoggingImpl.java:54)- <==      Total: 1
2019-12-09 13:33:14,742 DEBUG (JakartaCommonsLoggingImpl.java:54)- ==>  Preparing: select id,name,url,type,pid from sys_resources where id in (select res_id from sys_role_resources where role_id = ?) 
2019-12-09 13:33:14,743 DEBUG (JakartaCommonsLoggingImpl.java:54)- ==> Parameters: 1(Long)
2019-12-09 13:33:14,747 DEBUG (JakartaCommonsLoggingImpl.java:54)- <==      Total: 10
2019-12-09 13:41:16,885 DEBUG (JakartaCommonsLoggingImpl.java:54)- ==>  Preparing: select id,username,password,name,id_card_num,state from sys_user where username = ? 
2019-12-09 13:41:16,885 DEBUG (JakartaCommonsLoggingImpl.java:54)- ==> Parameters: admin(String)
2019-12-09 13:41:16,887 DEBUG (JakartaCommonsLoggingImpl.java:54)- <==      Total: 1
2019-12-09 13:41:16,887 DEBUG (JakartaCommonsLoggingImpl.java:54)- ==>  Preparing: select id,name from sys_role where id in (select rid from sys_user_role where uid = ?) 
2019-12-09 13:41:16,888 DEBUG (JakartaCommonsLoggingImpl.java:54)- ==> Parameters: 1(Long)
2019-12-09 13:41:16,889 DEBUG (JakartaCommonsLoggingImpl.java:54)- <==      Total: 1
2019-12-09 13:41:16,890 DEBUG (JakartaCommonsLoggingImpl.java:54)- ==>  Preparing: select id,name,url,type,pid from sys_resources where id in (select res_id from sys_role_resources where role_id = ?) 
2019-12-09 13:41:16,890 DEBUG (JakartaCommonsLoggingImpl.java:54)- ==> Parameters: 1(Long)
2019-12-09 13:41:16,897 DEBUG (JakartaCommonsLoggingImpl.java:54)- <==      Total: 10
2019-12-09 13:42:55,374 DEBUG (JakartaCommonsLoggingImpl.java:54)- ==>  Preparing: select id,username,password,name,id_card_num,state from sys_user where username = ? 
2019-12-09 13:42:55,374 DEBUG (JakartaCommonsLoggingImpl.java:54)- ==> Parameters: admin(String)
2019-12-09 13:42:55,376 DEBUG (JakartaCommonsLoggingImpl.java:54)- <==      Total: 1
2019-12-09 13:42:55,377 DEBUG (JakartaCommonsLoggingImpl.java:54)- ==>  Preparing: select id,name from sys_role where id in (select rid from sys_user_role where uid = ?) 
2019-12-09 13:42:55,377 DEBUG (JakartaCommonsLoggingImpl.java:54)- ==> Parameters: 1(Long)
2019-12-09 13:42:55,378 DEBUG (JakartaCommonsLoggingImpl.java:54)- <==      Total: 1
2019-12-09 13:42:55,379 DEBUG (JakartaCommonsLoggingImpl.java:54)- ==>  Preparing: select id,name,url,type,pid from sys_resources where id in (select res_id from sys_role_resources where role_id = ?) 
2019-12-09 13:42:55,379 DEBUG (JakartaCommonsLoggingImpl.java:54)- ==> Parameters: 1(Long)
2019-12-09 13:42:55,381 DEBUG (JakartaCommonsLoggingImpl.java:54)- <==      Total: 10
2019-12-09 13:43:00,218 DEBUG (JakartaCommonsLoggingImpl.java:54)- ==>  Preparing: select id,username,password,name,id_card_num,state from sys_user where username = ? 
2019-12-09 13:43:00,219 DEBUG (JakartaCommonsLoggingImpl.java:54)- ==> Parameters: admin(String)
2019-12-09 13:43:00,222 DEBUG (JakartaCommonsLoggingImpl.java:54)- <==      Total: 1
2019-12-09 13:43:00,223 DEBUG (JakartaCommonsLoggingImpl.java:54)- ==>  Preparing: select id,name from sys_role where id in (select rid from sys_user_role where uid = ?) 
2019-12-09 13:43:00,223 DEBUG (JakartaCommonsLoggingImpl.java:54)- ==> Parameters: 1(Long)
2019-12-09 13:43:00,224 DEBUG (JakartaCommonsLoggingImpl.java:54)- <==      Total: 1
2019-12-09 13:43:00,225 DEBUG (JakartaCommonsLoggingImpl.java:54)- ==>  Preparing: select id,name,url,type,pid from sys_resources where id in (select res_id from sys_role_resources where role_id = ?) 
2019-12-09 13:43:00,225 DEBUG (JakartaCommonsLoggingImpl.java:54)- ==> Parameters: 1(Long)
2019-12-09 13:43:00,227 DEBUG (JakartaCommonsLoggingImpl.java:54)- <==      Total: 10
2019-12-09 13:44:41,035 DEBUG (JakartaCommonsLoggingImpl.java:54)- ==>  Preparing: select id,username,password,name,id_card_num,state from sys_user where username = ? 
2019-12-09 13:44:41,036 DEBUG (JakartaCommonsLoggingImpl.java:54)- ==> Parameters: admin(String)
2019-12-09 13:44:41,038 DEBUG (JakartaCommonsLoggingImpl.java:54)- <==      Total: 1
2019-12-09 13:44:41,039 DEBUG (JakartaCommonsLoggingImpl.java:54)- ==>  Preparing: select id,name from sys_role where id in (select rid from sys_user_role where uid = ?) 
2019-12-09 13:44:41,039 DEBUG (JakartaCommonsLoggingImpl.java:54)- ==> Parameters: 1(Long)
2019-12-09 13:44:41,041 DEBUG (JakartaCommonsLoggingImpl.java:54)- <==      Total: 1
2019-12-09 13:44:41,043 DEBUG (JakartaCommonsLoggingImpl.java:54)- ==>  Preparing: select id,name,url,type,pid from sys_resources where id in (select res_id from sys_role_resources where role_id = ?) 
2019-12-09 13:44:41,044 DEBUG (JakartaCommonsLoggingImpl.java:54)- ==> Parameters: 1(Long)
2019-12-09 13:44:41,048 DEBUG (JakartaCommonsLoggingImpl.java:54)- <==      Total: 10
2019-12-09 14:06:52,296 DEBUG (JakartaCommonsLoggingImpl.java:54)- ==>  Preparing: select id,username,password,name,id_card_num,state from sys_user where username = ? 
2019-12-09 14:06:52,297 DEBUG (JakartaCommonsLoggingImpl.java:54)- ==> Parameters: admin(String)
2019-12-09 14:06:52,302 DEBUG (JakartaCommonsLoggingImpl.java:54)- <==      Total: 1
2019-12-09 14:06:52,303 DEBUG (JakartaCommonsLoggingImpl.java:54)- ==>  Preparing: select id,name from sys_role where id in (select rid from sys_user_role where uid = ?) 
2019-12-09 14:06:52,304 DEBUG (JakartaCommonsLoggingImpl.java:54)- ==> Parameters: 1(Long)
2019-12-09 14:06:52,307 DEBUG (JakartaCommonsLoggingImpl.java:54)- <==      Total: 1
2019-12-09 14:06:52,309 DEBUG (JakartaCommonsLoggingImpl.java:54)- ==>  Preparing: select id,name,url,type,pid from sys_resources where id in (select res_id from sys_role_resources where role_id = ?) 
2019-12-09 14:06:52,309 DEBUG (JakartaCommonsLoggingImpl.java:54)- ==> Parameters: 1(Long)
2019-12-09 14:06:52,311 DEBUG (JakartaCommonsLoggingImpl.java:54)- <==      Total: 10
2019-12-09 14:07:24,728 DEBUG (JakartaCommonsLoggingImpl.java:54)- ==>  Preparing: select id,username,password,name,id_card_num,state from sys_user where username = ? 
2019-12-09 14:07:24,729 DEBUG (JakartaCommonsLoggingImpl.java:54)- ==> Parameters: admin(String)
2019-12-09 14:07:24,730 DEBUG (JakartaCommonsLoggingImpl.java:54)- <==      Total: 1
2019-12-09 14:07:24,731 DEBUG (JakartaCommonsLoggingImpl.java:54)- ==>  Preparing: select id,name from sys_role where id in (select rid from sys_user_role where uid = ?) 
2019-12-09 14:07:24,732 DEBUG (JakartaCommonsLoggingImpl.java:54)- ==> Parameters: 1(Long)
2019-12-09 14:07:24,733 DEBUG (JakartaCommonsLoggingImpl.java:54)- <==      Total: 1
2019-12-09 14:07:24,734 DEBUG (JakartaCommonsLoggingImpl.java:54)- ==>  Preparing: select id,name,url,type,pid from sys_resources where id in (select res_id from sys_role_resources where role_id = ?) 
2019-12-09 14:07:24,735 DEBUG (JakartaCommonsLoggingImpl.java:54)- ==> Parameters: 1(Long)
2019-12-09 14:07:24,736 DEBUG (JakartaCommonsLoggingImpl.java:54)- <==      Total: 10
2019-12-09 14:08:26,829 DEBUG (JakartaCommonsLoggingImpl.java:54)- ==>  Preparing: select id,username,password,name,id_card_num,state from sys_user where username = ? 
2019-12-09 14:08:26,829 DEBUG (JakartaCommonsLoggingImpl.java:54)- ==> Parameters: admin(String)
2019-12-09 14:08:26,830 DEBUG (JakartaCommonsLoggingImpl.java:54)- <==      Total: 1
2019-12-09 14:08:26,833 DEBUG (JakartaCommonsLoggingImpl.java:54)- ==>  Preparing: select id,name from sys_role where id in (select rid from sys_user_role where uid = ?) 
2019-12-09 14:08:26,833 DEBUG (JakartaCommonsLoggingImpl.java:54)- ==> Parameters: 1(Long)
2019-12-09 14:08:26,834 DEBUG (JakartaCommonsLoggingImpl.java:54)- <==      Total: 1
2019-12-09 14:08:26,835 DEBUG (JakartaCommonsLoggingImpl.java:54)- ==>  Preparing: select id,name,url,type,pid from sys_resources where id in (select res_id from sys_role_resources where role_id = ?) 
2019-12-09 14:08:26,836 DEBUG (JakartaCommonsLoggingImpl.java:54)- ==> Parameters: 1(Long)
2019-12-09 14:08:26,838 DEBUG (JakartaCommonsLoggingImpl.java:54)- <==      Total: 10
2019-12-09 14:13:53,763 DEBUG (JakartaCommonsLoggingImpl.java:54)- ==>  Preparing: select id,username,password,name,id_card_num,state from sys_user where username = ? 
2019-12-09 14:13:53,764 DEBUG (JakartaCommonsLoggingImpl.java:54)- ==> Parameters: admin(String)
2019-12-09 14:13:53,766 DEBUG (JakartaCommonsLoggingImpl.java:54)- <==      Total: 1
2019-12-09 14:13:53,767 DEBUG (JakartaCommonsLoggingImpl.java:54)- ==>  Preparing: select id,name from sys_role where id in (select rid from sys_user_role where uid = ?) 
2019-12-09 14:13:53,767 DEBUG (JakartaCommonsLoggingImpl.java:54)- ==> Parameters: 1(Long)
2019-12-09 14:13:53,769 DEBUG (JakartaCommonsLoggingImpl.java:54)- <==      Total: 1
2019-12-09 14:13:53,770 DEBUG (JakartaCommonsLoggingImpl.java:54)- ==>  Preparing: select id,name,url,type,pid from sys_resources where id in (select res_id from sys_role_resources where role_id = ?) 
2019-12-09 14:13:53,770 DEBUG (JakartaCommonsLoggingImpl.java:54)- ==> Parameters: 1(Long)
2019-12-09 14:13:53,774 DEBUG (JakartaCommonsLoggingImpl.java:54)- <==      Total: 10
2019-12-09 14:14:31,607 DEBUG (JakartaCommonsLoggingImpl.java:54)- ==>  Preparing: select id,username,password,name,id_card_num,state from sys_user where username = ? 
2019-12-09 14:14:31,608 DEBUG (JakartaCommonsLoggingImpl.java:54)- ==> Parameters: admin(String)
2019-12-09 14:14:31,611 DEBUG (JakartaCommonsLoggingImpl.java:54)- <==      Total: 1
2019-12-09 14:14:31,612 DEBUG (JakartaCommonsLoggingImpl.java:54)- ==>  Preparing: select id,name from sys_role where id in (select rid from sys_user_role where uid = ?) 
2019-12-09 14:14:31,613 DEBUG (JakartaCommonsLoggingImpl.java:54)- ==> Parameters: 1(Long)
2019-12-09 14:14:31,614 DEBUG (JakartaCommonsLoggingImpl.java:54)- <==      Total: 1
2019-12-09 14:14:31,614 DEBUG (JakartaCommonsLoggingImpl.java:54)- ==>  Preparing: select id,name,url,type,pid from sys_resources where id in (select res_id from sys_role_resources where role_id = ?) 
2019-12-09 14:14:31,615 DEBUG (JakartaCommonsLoggingImpl.java:54)- ==> Parameters: 1(Long)
2019-12-09 14:14:31,617 DEBUG (JakartaCommonsLoggingImpl.java:54)- <==      Total: 10
2019-12-09 14:15:20,383 DEBUG (JakartaCommonsLoggingImpl.java:54)- ==>  Preparing: select id,username,password,name,id_card_num,state from sys_user where username = ? 
2019-12-09 14:15:20,385 DEBUG (JakartaCommonsLoggingImpl.java:54)- ==> Parameters: admin(String)
2019-12-09 14:15:20,387 DEBUG (JakartaCommonsLoggingImpl.java:54)- <==      Total: 1
2019-12-09 14:15:20,387 DEBUG (JakartaCommonsLoggingImpl.java:54)- ==>  Preparing: select id,name from sys_role where id in (select rid from sys_user_role where uid = ?) 
2019-12-09 14:15:20,388 DEBUG (JakartaCommonsLoggingImpl.java:54)- ==> Parameters: 1(Long)
2019-12-09 14:15:20,389 DEBUG (JakartaCommonsLoggingImpl.java:54)- <==      Total: 1
2019-12-09 14:15:20,390 DEBUG (JakartaCommonsLoggingImpl.java:54)- ==>  Preparing: select id,name,url,type,pid from sys_resources where id in (select res_id from sys_role_resources where role_id = ?) 
2019-12-09 14:15:20,390 DEBUG (JakartaCommonsLoggingImpl.java:54)- ==> Parameters: 1(Long)
2019-12-09 14:15:20,391 DEBUG (JakartaCommonsLoggingImpl.java:54)- <==      Total: 10
2019-12-09 14:16:17,842 DEBUG (JakartaCommonsLoggingImpl.java:54)- ==>  Preparing: select id,username,password,name,id_card_num,state from sys_user where username = ? 
2019-12-09 14:16:17,844 DEBUG (JakartaCommonsLoggingImpl.java:54)- ==> Parameters: admin(String)
2019-12-09 14:16:17,845 DEBUG (JakartaCommonsLoggingImpl.java:54)- <==      Total: 1
2019-12-09 14:16:17,846 DEBUG (JakartaCommonsLoggingImpl.java:54)- ==>  Preparing: select id,name from sys_role where id in (select rid from sys_user_role where uid = ?) 
2019-12-09 14:16:17,846 DEBUG (JakartaCommonsLoggingImpl.java:54)- ==> Parameters: 1(Long)
2019-12-09 14:16:17,847 DEBUG (JakartaCommonsLoggingImpl.java:54)- <==      Total: 1
2019-12-09 14:16:17,848 DEBUG (JakartaCommonsLoggingImpl.java:54)- ==>  Preparing: select id,name,url,type,pid from sys_resources where id in (select res_id from sys_role_resources where role_id = ?) 
2019-12-09 14:16:17,848 DEBUG (JakartaCommonsLoggingImpl.java:54)- ==> Parameters: 1(Long)
2019-12-09 14:16:17,849 DEBUG (JakartaCommonsLoggingImpl.java:54)- <==      Total: 10
2019-12-09 14:16:37,224 DEBUG (JakartaCommonsLoggingImpl.java:54)- ==>  Preparing: select id,username,password,name,id_card_num,state from sys_user where username = ? 
2019-12-09 14:16:37,226 DEBUG (JakartaCommonsLoggingImpl.java:54)- ==> Parameters: admin(String)
2019-12-09 14:16:37,227 DEBUG (JakartaCommonsLoggingImpl.java:54)- <==      Total: 1
2019-12-09 14:16:37,228 DEBUG (JakartaCommonsLoggingImpl.java:54)- ==>  Preparing: select id,name from sys_role where id in (select rid from sys_user_role where uid = ?) 
2019-12-09 14:16:37,230 DEBUG (JakartaCommonsLoggingImpl.java:54)- ==> Parameters: 1(Long)
2019-12-09 14:16:37,232 DEBUG (JakartaCommonsLoggingImpl.java:54)- <==      Total: 1
2019-12-09 14:16:37,232 DEBUG (JakartaCommonsLoggingImpl.java:54)- ==>  Preparing: select id,name,url,type,pid from sys_resources where id in (select res_id from sys_role_resources where role_id = ?) 
2019-12-09 14:16:37,233 DEBUG (JakartaCommonsLoggingImpl.java:54)- ==> Parameters: 1(Long)
2019-12-09 14:16:37,235 DEBUG (JakartaCommonsLoggingImpl.java:54)- <==      Total: 10
2019-12-09 14:27:40,529 DEBUG (JakartaCommonsLoggingImpl.java:54)- ==>  Preparing: select id,username,password,name,id_card_num,state from sys_user where username = ? 
2019-12-09 14:27:40,530 DEBUG (JakartaCommonsLoggingImpl.java:54)- ==> Parameters: admin(String)
2019-12-09 14:27:40,531 DEBUG (JakartaCommonsLoggingImpl.java:54)- <==      Total: 1
2019-12-09 14:27:40,532 DEBUG (JakartaCommonsLoggingImpl.java:54)- ==>  Preparing: select id,name from sys_role where id in (select rid from sys_user_role where uid = ?) 
2019-12-09 14:27:40,533 DEBUG (JakartaCommonsLoggingImpl.java:54)- ==> Parameters: 1(Long)
2019-12-09 14:27:40,534 DEBUG (JakartaCommonsLoggingImpl.java:54)- <==      Total: 1
2019-12-09 14:27:40,535 DEBUG (JakartaCommonsLoggingImpl.java:54)- ==>  Preparing: select id,name,url,type,pid from sys_resources where id in (select res_id from sys_role_resources where role_id = ?) 
2019-12-09 14:27:40,536 DEBUG (JakartaCommonsLoggingImpl.java:54)- ==> Parameters: 1(Long)
2019-12-09 14:27:40,538 DEBUG (JakartaCommonsLoggingImpl.java:54)- <==      Total: 10
2019-12-09 14:28:13,843 DEBUG (JakartaCommonsLoggingImpl.java:54)- ==>  Preparing: select id,username,password,name,id_card_num,state from sys_user where username = ? 
2019-12-09 14:28:13,846 DEBUG (JakartaCommonsLoggingImpl.java:54)- ==> Parameters: admin(String)
2019-12-09 14:28:13,850 DEBUG (JakartaCommonsLoggingImpl.java:54)- <==      Total: 1
2019-12-09 14:28:13,852 DEBUG (JakartaCommonsLoggingImpl.java:54)- ==>  Preparing: select id,name from sys_role where id in (select rid from sys_user_role where uid = ?) 
2019-12-09 14:28:13,852 DEBUG (JakartaCommonsLoggingImpl.java:54)- ==> Parameters: 1(Long)
2019-12-09 14:28:13,854 DEBUG (JakartaCommonsLoggingImpl.java:54)- <==      Total: 1
2019-12-09 14:28:13,854 DEBUG (JakartaCommonsLoggingImpl.java:54)- ==>  Preparing: select id,name,url,type,pid from sys_resources where id in (select res_id from sys_role_resources where role_id = ?) 
2019-12-09 14:28:13,855 DEBUG (JakartaCommonsLoggingImpl.java:54)- ==> Parameters: 1(Long)
2019-12-09 14:28:13,859 DEBUG (JakartaCommonsLoggingImpl.java:54)- <==      Total: 10
2019-12-09 14:30:53,048 DEBUG (JakartaCommonsLoggingImpl.java:54)- ==>  Preparing: select id,username,password,name,id_card_num,state from sys_user where username = ? 
2019-12-09 14:30:53,048 DEBUG (JakartaCommonsLoggingImpl.java:54)- ==> Parameters: admin(String)
2019-12-09 14:30:53,052 DEBUG (JakartaCommonsLoggingImpl.java:54)- <==      Total: 1
2019-12-09 14:30:53,052 DEBUG (JakartaCommonsLoggingImpl.java:54)- ==>  Preparing: select id,name from sys_role where id in (select rid from sys_user_role where uid = ?) 
2019-12-09 14:30:53,053 DEBUG (JakartaCommonsLoggingImpl.java:54)- ==> Parameters: 1(Long)
2019-12-09 14:30:53,054 DEBUG (JakartaCommonsLoggingImpl.java:54)- <==      Total: 1
2019-12-09 14:30:53,055 DEBUG (JakartaCommonsLoggingImpl.java:54)- ==>  Preparing: select id,name,url,type,pid from sys_resources where id in (select res_id from sys_role_resources where role_id = ?) 
2019-12-09 14:30:53,055 DEBUG (JakartaCommonsLoggingImpl.java:54)- ==> Parameters: 1(Long)
2019-12-09 14:30:53,057 DEBUG (JakartaCommonsLoggingImpl.java:54)- <==      Total: 10
2019-12-09 14:32:43,819 DEBUG (JakartaCommonsLoggingImpl.java:54)- ==>  Preparing: select id,username,password,name,id_card_num,state from sys_user where username = ? 
2019-12-09 14:32:43,820 DEBUG (JakartaCommonsLoggingImpl.java:54)- ==> Parameters: admin(String)
2019-12-09 14:32:43,821 DEBUG (JakartaCommonsLoggingImpl.java:54)- <==      Total: 1
2019-12-09 14:32:43,822 DEBUG (JakartaCommonsLoggingImpl.java:54)- ==>  Preparing: select id,name from sys_role where id in (select rid from sys_user_role where uid = ?) 
2019-12-09 14:32:43,822 DEBUG (JakartaCommonsLoggingImpl.java:54)- ==> Parameters: 1(Long)
2019-12-09 14:32:43,823 DEBUG (JakartaCommonsLoggingImpl.java:54)- <==      Total: 1
2019-12-09 14:32:43,823 DEBUG (JakartaCommonsLoggingImpl.java:54)- ==>  Preparing: select id,name,url,type,pid from sys_resources where id in (select res_id from sys_role_resources where role_id = ?) 
2019-12-09 14:32:43,824 DEBUG (JakartaCommonsLoggingImpl.java:54)- ==> Parameters: 1(Long)
2019-12-09 14:32:43,825 DEBUG (JakartaCommonsLoggingImpl.java:54)- <==      Total: 10
2019-12-09 14:38:32,070 DEBUG (JakartaCommonsLoggingImpl.java:54)- ==>  Preparing: select id,username,password,name,id_card_num,state from sys_user where username = ? 
2019-12-09 14:38:32,071 DEBUG (JakartaCommonsLoggingImpl.java:54)- ==> Parameters: admin(String)
2019-12-09 14:38:32,072 DEBUG (JakartaCommonsLoggingImpl.java:54)- <==      Total: 1
2019-12-09 14:38:32,073 DEBUG (JakartaCommonsLoggingImpl.java:54)- ==>  Preparing: select id,name from sys_role where id in (select rid from sys_user_role where uid = ?) 
2019-12-09 14:38:32,074 DEBUG (JakartaCommonsLoggingImpl.java:54)- ==> Parameters: 1(Long)
2019-12-09 14:38:32,076 DEBUG (JakartaCommonsLoggingImpl.java:54)- <==      Total: 1
2019-12-09 14:38:32,077 DEBUG (JakartaCommonsLoggingImpl.java:54)- ==>  Preparing: select id,name,url,type,pid from sys_resources where id in (select res_id from sys_role_resources where role_id = ?) 
2019-12-09 14:38:32,077 DEBUG (JakartaCommonsLoggingImpl.java:54)- ==> Parameters: 1(Long)
2019-12-09 14:38:32,079 DEBUG (JakartaCommonsLoggingImpl.java:54)- <==      Total: 10
2019-12-09 14:39:03,302 DEBUG (JakartaCommonsLoggingImpl.java:54)- ==>  Preparing: select id,username,password,name,id_card_num,state from sys_user where username = ? 
2019-12-09 14:39:03,303 DEBUG (JakartaCommonsLoggingImpl.java:54)- ==> Parameters: admin(String)
2019-12-09 14:39:03,306 DEBUG (JakartaCommonsLoggingImpl.java:54)- <==      Total: 1
2019-12-09 14:39:03,320 DEBUG (JakartaCommonsLoggingImpl.java:54)- ==>  Preparing: select id,username,password,name,id_card_num,state from sys_user where username = ? 
2019-12-09 14:39:03,320 DEBUG (JakartaCommonsLoggingImpl.java:54)- ==> Parameters: admin(String)
2019-12-09 14:39:03,321 DEBUG (JakartaCommonsLoggingImpl.java:54)- <==      Total: 1
2019-12-09 14:39:03,322 DEBUG (JakartaCommonsLoggingImpl.java:54)- ==>  Preparing: select id,name from sys_role where id in (select rid from sys_user_role where uid = ?) 
2019-12-09 14:39:03,322 DEBUG (JakartaCommonsLoggingImpl.java:54)- ==> Parameters: 1(Long)
2019-12-09 14:39:03,323 DEBUG (JakartaCommonsLoggingImpl.java:54)- <==      Total: 1
2019-12-09 14:39:03,323 DEBUG (JakartaCommonsLoggingImpl.java:54)- ==>  Preparing: select id,name,url,type,pid from sys_resources where id in (select res_id from sys_role_resources where role_id = ?) 
2019-12-09 14:39:03,323 DEBUG (JakartaCommonsLoggingImpl.java:54)- ==> Parameters: 1(Long)
2019-12-09 14:39:03,324 DEBUG (JakartaCommonsLoggingImpl.java:54)- <==      Total: 10
2019-12-09 14:40:31,970 DEBUG (JakartaCommonsLoggingImpl.java:54)- ==>  Preparing: select id,username,password,name,id_card_num,state from sys_user where username = ? 
2019-12-09 14:40:31,971 DEBUG (JakartaCommonsLoggingImpl.java:54)- ==> Parameters: admin(String)
2019-12-09 14:40:31,971 DEBUG (JakartaCommonsLoggingImpl.java:54)- <==      Total: 1
2019-12-09 14:40:31,972 DEBUG (JakartaCommonsLoggingImpl.java:54)- ==>  Preparing: select id,name from sys_role where id in (select rid from sys_user_role where uid = ?) 
2019-12-09 14:40:31,973 DEBUG (JakartaCommonsLoggingImpl.java:54)- ==> Parameters: 1(Long)
2019-12-09 14:40:31,974 DEBUG (JakartaCommonsLoggingImpl.java:54)- <==      Total: 1
2019-12-09 14:40:31,975 DEBUG (JakartaCommonsLoggingImpl.java:54)- ==>  Preparing: select id,name,url,type,pid from sys_resources where id in (select res_id from sys_role_resources where role_id = ?) 
2019-12-09 14:40:31,975 DEBUG (JakartaCommonsLoggingImpl.java:54)- ==> Parameters: 1(Long)
2019-12-09 14:40:31,976 DEBUG (JakartaCommonsLoggingImpl.java:54)- <==      Total: 10
2019-12-09 14:42:42,903 DEBUG (JakartaCommonsLoggingImpl.java:54)- ==>  Preparing: select id,username,password,name,id_card_num,state from sys_user where username = ? 
2019-12-09 14:42:42,904 DEBUG (JakartaCommonsLoggingImpl.java:54)- ==> Parameters: admin(String)
2019-12-09 14:42:42,905 DEBUG (JakartaCommonsLoggingImpl.java:54)- <==      Total: 1
2019-12-09 14:42:42,906 DEBUG (JakartaCommonsLoggingImpl.java:54)- ==>  Preparing: select id,name from sys_role where id in (select rid from sys_user_role where uid = ?) 
2019-12-09 14:42:42,907 DEBUG (JakartaCommonsLoggingImpl.java:54)- ==> Parameters: 1(Long)
2019-12-09 14:42:42,908 DEBUG (JakartaCommonsLoggingImpl.java:54)- <==      Total: 1
2019-12-09 14:42:42,909 DEBUG (JakartaCommonsLoggingImpl.java:54)- ==>  Preparing: select id,name,url,type,pid from sys_resources where id in (select res_id from sys_role_resources where role_id = ?) 
2019-12-09 14:42:42,909 DEBUG (JakartaCommonsLoggingImpl.java:54)- ==> Parameters: 1(Long)
2019-12-09 14:42:42,910 DEBUG (JakartaCommonsLoggingImpl.java:54)- <==      Total: 10
2019-12-09 14:44:18,733 DEBUG (JakartaCommonsLoggingImpl.java:54)- ==>  Preparing: select id,username,password,name,id_card_num,state from sys_user where username = ? 
2019-12-09 14:44:18,734 DEBUG (JakartaCommonsLoggingImpl.java:54)- ==> Parameters: admin(String)
2019-12-09 14:44:18,735 DEBUG (JakartaCommonsLoggingImpl.java:54)- <==      Total: 1
2019-12-09 14:44:18,737 DEBUG (JakartaCommonsLoggingImpl.java:54)- ==>  Preparing: select id,name from sys_role where id in (select rid from sys_user_role where uid = ?) 
2019-12-09 14:44:18,740 DEBUG (JakartaCommonsLoggingImpl.java:54)- ==> Parameters: 1(Long)
2019-12-09 14:44:18,741 DEBUG (JakartaCommonsLoggingImpl.java:54)- <==      Total: 1
2019-12-09 14:44:18,742 DEBUG (JakartaCommonsLoggingImpl.java:54)- ==>  Preparing: select id,name,url,type,pid from sys_resources where id in (select res_id from sys_role_resources where role_id = ?) 
2019-12-09 14:44:18,743 DEBUG (JakartaCommonsLoggingImpl.java:54)- ==> Parameters: 1(Long)
2019-12-09 14:44:18,745 DEBUG (JakartaCommonsLoggingImpl.java:54)- <==      Total: 10
2019-12-09 14:45:13,221 DEBUG (JakartaCommonsLoggingImpl.java:54)- ==>  Preparing: select id,username,password,name,id_card_num,state from sys_user where username = ? 
2019-12-09 14:45:13,222 DEBUG (JakartaCommonsLoggingImpl.java:54)- ==> Parameters: admin(String)
2019-12-09 14:45:13,224 DEBUG (JakartaCommonsLoggingImpl.java:54)- <==      Total: 1
2019-12-09 14:45:13,226 DEBUG (JakartaCommonsLoggingImpl.java:54)- ==>  Preparing: select id,name from sys_role where id in (select rid from sys_user_role where uid = ?) 
2019-12-09 14:45:13,226 DEBUG (JakartaCommonsLoggingImpl.java:54)- ==> Parameters: 1(Long)
2019-12-09 14:45:13,228 DEBUG (JakartaCommonsLoggingImpl.java:54)- <==      Total: 1
2019-12-09 14:45:13,228 DEBUG (JakartaCommonsLoggingImpl.java:54)- ==>  Preparing: select id,name,url,type,pid from sys_resources where id in (select res_id from sys_role_resources where role_id = ?) 
2019-12-09 14:45:13,229 DEBUG (JakartaCommonsLoggingImpl.java:54)- ==> Parameters: 1(Long)
2019-12-09 14:45:13,231 DEBUG (JakartaCommonsLoggingImpl.java:54)- <==      Total: 10
2019-12-09 14:45:39,982 DEBUG (JakartaCommonsLoggingImpl.java:54)- ==>  Preparing: select id,username,password,name,id_card_num,state from sys_user where username = ? 
2019-12-09 14:45:39,985 DEBUG (JakartaCommonsLoggingImpl.java:54)- ==> Parameters: admin(String)
2019-12-09 14:45:39,986 DEBUG (JakartaCommonsLoggingImpl.java:54)- <==      Total: 1
2019-12-09 14:45:39,987 DEBUG (JakartaCommonsLoggingImpl.java:54)- ==>  Preparing: select id,name from sys_role where id in (select rid from sys_user_role where uid = ?) 
2019-12-09 14:45:39,988 DEBUG (JakartaCommonsLoggingImpl.java:54)- ==> Parameters: 1(Long)
2019-12-09 14:45:39,989 DEBUG (JakartaCommonsLoggingImpl.java:54)- <==      Total: 1
2019-12-09 14:45:39,990 DEBUG (JakartaCommonsLoggingImpl.java:54)- ==>  Preparing: select id,name,url,type,pid from sys_resources where id in (select res_id from sys_role_resources where role_id = ?) 
2019-12-09 14:45:39,990 DEBUG (JakartaCommonsLoggingImpl.java:54)- ==> Parameters: 1(Long)
2019-12-09 14:45:39,991 DEBUG (JakartaCommonsLoggingImpl.java:54)- <==      Total: 10
2019-12-09 14:53:18,980 DEBUG (JakartaCommonsLoggingImpl.java:54)- ==>  Preparing: select id,username,password,name,id_card_num,state from sys_user where username = ? 
2019-12-09 14:53:18,981 DEBUG (JakartaCommonsLoggingImpl.java:54)- ==> Parameters: admin(String)
2019-12-09 14:53:18,982 DEBUG (JakartaCommonsLoggingImpl.java:54)- <==      Total: 1
2019-12-09 14:53:18,983 DEBUG (JakartaCommonsLoggingImpl.java:54)- ==>  Preparing: select id,name from sys_role where id in (select rid from sys_user_role where uid = ?) 
2019-12-09 14:53:18,984 DEBUG (JakartaCommonsLoggingImpl.java:54)- ==> Parameters: 1(Long)
2019-12-09 14:53:18,985 DEBUG (JakartaCommonsLoggingImpl.java:54)- <==      Total: 1
2019-12-09 14:53:18,985 DEBUG (JakartaCommonsLoggingImpl.java:54)- ==>  Preparing: select id,name,url,type,pid from sys_resources where id in (select res_id from sys_role_resources where role_id = ?) 
2019-12-09 14:53:18,986 DEBUG (JakartaCommonsLoggingImpl.java:54)- ==> Parameters: 1(Long)
2019-12-09 14:53:18,987 DEBUG (JakartaCommonsLoggingImpl.java:54)- <==      Total: 10
2019-12-09 14:54:49,465 DEBUG (JakartaCommonsLoggingImpl.java:54)- ==>  Preparing: select id,username,password,name,id_card_num,state from sys_user where username = ? 
2019-12-09 14:54:49,466 DEBUG (JakartaCommonsLoggingImpl.java:54)- ==> Parameters: admin(String)
2019-12-09 14:54:49,467 DEBUG (JakartaCommonsLoggingImpl.java:54)- <==      Total: 1
2019-12-09 14:54:49,468 DEBUG (JakartaCommonsLoggingImpl.java:54)- ==>  Preparing: select id,name from sys_role where id in (select rid from sys_user_role where uid = ?) 
2019-12-09 14:54:49,468 DEBUG (JakartaCommonsLoggingImpl.java:54)- ==> Parameters: 1(Long)
2019-12-09 14:54:49,469 DEBUG (JakartaCommonsLoggingImpl.java:54)- <==      Total: 1
2019-12-09 14:54:49,469 DEBUG (JakartaCommonsLoggingImpl.java:54)- ==>  Preparing: select id,name,url,type,pid from sys_resources where id in (select res_id from sys_role_resources where role_id = ?) 
2019-12-09 14:54:49,469 DEBUG (JakartaCommonsLoggingImpl.java:54)- ==> Parameters: 1(Long)
2019-12-09 14:54:49,470 DEBUG (JakartaCommonsLoggingImpl.java:54)- <==      Total: 10
2019-12-09 14:58:29,816 DEBUG (JakartaCommonsLoggingImpl.java:54)- ==>  Preparing: select id,username,password,name,id_card_num,state from sys_user where username = ? 
2019-12-09 14:58:29,817 DEBUG (JakartaCommonsLoggingImpl.java:54)- ==> Parameters: admin(String)
2019-12-09 14:58:29,818 DEBUG (JakartaCommonsLoggingImpl.java:54)- <==      Total: 1
2019-12-09 14:58:29,818 DEBUG (JakartaCommonsLoggingImpl.java:54)- ==>  Preparing: select id,name from sys_role where id in (select rid from sys_user_role where uid = ?) 
2019-12-09 14:58:29,818 DEBUG (JakartaCommonsLoggingImpl.java:54)- ==> Parameters: 1(Long)
2019-12-09 14:58:29,820 DEBUG (JakartaCommonsLoggingImpl.java:54)- <==      Total: 1
2019-12-09 14:58:29,820 DEBUG (JakartaCommonsLoggingImpl.java:54)- ==>  Preparing: select id,name,url,type,pid from sys_resources where id in (select res_id from sys_role_resources where role_id = ?) 
2019-12-09 14:58:29,821 DEBUG (JakartaCommonsLoggingImpl.java:54)- ==> Parameters: 1(Long)
2019-12-09 14:58:29,831 DEBUG (JakartaCommonsLoggingImpl.java:54)- <==      Total: 10
2019-12-09 14:58:31,020 DEBUG (JakartaCommonsLoggingImpl.java:54)- ==>  Preparing: select id,username,password,name,id_card_num,state from sys_user where username = ? 
2019-12-09 14:58:31,021 DEBUG (JakartaCommonsLoggingImpl.java:54)- ==> Parameters: admin(String)
2019-12-09 14:58:31,022 DEBUG (JakartaCommonsLoggingImpl.java:54)- <==      Total: 1
2019-12-09 14:58:31,024 DEBUG (JakartaCommonsLoggingImpl.java:54)- ==>  Preparing: select id,name from sys_role where id in (select rid from sys_user_role where uid = ?) 
2019-12-09 14:58:31,024 DEBUG (JakartaCommonsLoggingImpl.java:54)- ==> Parameters: 1(Long)
2019-12-09 14:58:31,025 DEBUG (JakartaCommonsLoggingImpl.java:54)- <==      Total: 1
2019-12-09 14:58:31,026 DEBUG (JakartaCommonsLoggingImpl.java:54)- ==>  Preparing: select id,name,url,type,pid from sys_resources where id in (select res_id from sys_role_resources where role_id = ?) 
2019-12-09 14:58:31,027 DEBUG (JakartaCommonsLoggingImpl.java:54)- ==> Parameters: 1(Long)
2019-12-09 14:58:31,028 DEBUG (JakartaCommonsLoggingImpl.java:54)- <==      Total: 10
2019-12-09 14:58:31,030 DEBUG (JakartaCommonsLoggingImpl.java:54)- ==>  Preparing: select id,username,password,name,id_card_num,state from sys_user where username = ? 
2019-12-09 14:58:31,031 DEBUG (JakartaCommonsLoggingImpl.java:54)- ==> Parameters: admin(String)
2019-12-09 14:58:31,032 DEBUG (JakartaCommonsLoggingImpl.java:54)- <==      Total: 1
2019-12-09 14:58:31,032 DEBUG (JakartaCommonsLoggingImpl.java:54)- ==>  Preparing: select id,name from sys_role where id in (select rid from sys_user_role where uid = ?) 
2019-12-09 14:58:31,033 DEBUG (JakartaCommonsLoggingImpl.java:54)- ==> Parameters: 1(Long)
2019-12-09 14:58:31,033 DEBUG (JakartaCommonsLoggingImpl.java:54)- <==      Total: 1
2019-12-09 14:58:31,034 DEBUG (JakartaCommonsLoggingImpl.java:54)- ==>  Preparing: select id,name,url,type,pid from sys_resources where id in (select res_id from sys_role_resources where role_id = ?) 
2019-12-09 14:58:31,034 DEBUG (JakartaCommonsLoggingImpl.java:54)- ==> Parameters: 1(Long)
2019-12-09 14:58:31,035 DEBUG (JakartaCommonsLoggingImpl.java:54)- <==      Total: 10
2019-12-09 14:59:27,070 DEBUG (JakartaCommonsLoggingImpl.java:54)- ==>  Preparing: select id,username,password,name,id_card_num,state from sys_user where username = ? 
2019-12-09 14:59:27,071 DEBUG (JakartaCommonsLoggingImpl.java:54)- ==> Parameters: admin(String)
2019-12-09 14:59:27,074 DEBUG (JakartaCommonsLoggingImpl.java:54)- <==      Total: 1
2019-12-09 14:59:27,074 DEBUG (JakartaCommonsLoggingImpl.java:54)- ==>  Preparing: select id,name from sys_role where id in (select rid from sys_user_role where uid = ?) 
2019-12-09 14:59:27,076 DEBUG (JakartaCommonsLoggingImpl.java:54)- ==> Parameters: 1(Long)
2019-12-09 14:59:27,079 DEBUG (JakartaCommonsLoggingImpl.java:54)- <==      Total: 1
2019-12-09 14:59:27,080 DEBUG (JakartaCommonsLoggingImpl.java:54)- ==>  Preparing: select id,name,url,type,pid from sys_resources where id in (select res_id from sys_role_resources where role_id = ?) 
2019-12-09 14:59:27,080 DEBUG (JakartaCommonsLoggingImpl.java:54)- ==> Parameters: 1(Long)
2019-12-09 14:59:27,081 DEBUG (JakartaCommonsLoggingImpl.java:54)- <==      Total: 10
2019-12-09 15:39:03,243 INFO (StartupInfoLogger.java:55)- Starting Startup on LAPTOP-3H9KE96D with PID 16552 (D:\projects\ShoppingMall\chq-oauth2server\target\classes started by 17869 in D:\projects\ShoppingMall)
2019-12-09 15:39:03,246 DEBUG (StartupInfoLogger.java:56)- Running with Spring Boot v2.2.1.RELEASE, Spring v5.2.1.RELEASE
2019-12-09 15:39:03,247 INFO (SpringApplication.java:651)- No active profile set, falling back to default profiles: default
2019-12-09 15:39:06,945 INFO (StartupInfoLogger.java:61)- Started Startup in 4.328 seconds (JVM running for 6.364)
2019-12-09 15:39:10,876 DEBUG (JakartaCommonsLoggingImpl.java:54)- ==>  Preparing: select id,username,password,name,id_card_num,state from sys_user where username = ? 
2019-12-09 15:39:10,983 DEBUG (JakartaCommonsLoggingImpl.java:54)- ==> Parameters: admin(String)
2019-12-09 15:39:11,009 DEBUG (JakartaCommonsLoggingImpl.java:54)- <==      Total: 1
2019-12-09 15:39:11,015 DEBUG (JakartaCommonsLoggingImpl.java:54)- ==>  Preparing: select id,name from sys_role where id in (select rid from sys_user_role where uid = ?) 
2019-12-09 15:39:11,019 DEBUG (JakartaCommonsLoggingImpl.java:54)- ==> Parameters: 1(Long)
2019-12-09 15:39:11,021 DEBUG (JakartaCommonsLoggingImpl.java:54)- <==      Total: 1
2019-12-09 15:39:11,024 DEBUG (JakartaCommonsLoggingImpl.java:54)- ==>  Preparing: select id,name,url,type,pid from sys_resources where id in (select res_id from sys_role_resources where role_id = ?) 
2019-12-09 15:39:11,026 DEBUG (JakartaCommonsLoggingImpl.java:54)- ==> Parameters: 1(Long)
2019-12-09 15:39:11,030 DEBUG (JakartaCommonsLoggingImpl.java:54)- <==      Total: 10
2019-12-09 15:40:14,189 DEBUG (JakartaCommonsLoggingImpl.java:54)- ==>  Preparing: select id,username,password,name,id_card_num,state from sys_user where username = ? 
2019-12-09 15:40:14,190 DEBUG (JakartaCommonsLoggingImpl.java:54)- ==> Parameters: admin(String)
2019-12-09 15:40:14,193 DEBUG (JakartaCommonsLoggingImpl.java:54)- <==      Total: 1
2019-12-09 15:40:14,195 DEBUG (JakartaCommonsLoggingImpl.java:54)- ==>  Preparing: select id,name from sys_role where id in (select rid from sys_user_role where uid = ?) 
2019-12-09 15:40:14,195 DEBUG (JakartaCommonsLoggingImpl.java:54)- ==> Parameters: 1(Long)
2019-12-09 15:40:14,196 DEBUG (JakartaCommonsLoggingImpl.java:54)- <==      Total: 1
2019-12-09 15:40:14,197 DEBUG (JakartaCommonsLoggingImpl.java:54)- ==>  Preparing: select id,name,url,type,pid from sys_resources where id in (select res_id from sys_role_resources where role_id = ?) 
2019-12-09 15:40:14,197 DEBUG (JakartaCommonsLoggingImpl.java:54)- ==> Parameters: 1(Long)
2019-12-09 15:40:14,203 DEBUG (JakartaCommonsLoggingImpl.java:54)- <==      Total: 10
2019-12-09 15:43:34,533 DEBUG (JakartaCommonsLoggingImpl.java:54)- ==>  Preparing: select id,username,password,name,id_card_num,state from sys_user where username = ? 
2019-12-09 15:43:34,535 DEBUG (JakartaCommonsLoggingImpl.java:54)- ==> Parameters: admin(String)
2019-12-09 15:43:34,536 DEBUG (JakartaCommonsLoggingImpl.java:54)- <==      Total: 1
2019-12-09 15:43:34,537 DEBUG (JakartaCommonsLoggingImpl.java:54)- ==>  Preparing: select id,name from sys_role where id in (select rid from sys_user_role where uid = ?) 
2019-12-09 15:43:34,538 DEBUG (JakartaCommonsLoggingImpl.java:54)- ==> Parameters: 1(Long)
2019-12-09 15:43:34,539 DEBUG (JakartaCommonsLoggingImpl.java:54)- <==      Total: 1
2019-12-09 15:43:34,540 DEBUG (JakartaCommonsLoggingImpl.java:54)- ==>  Preparing: select id,name,url,type,pid from sys_resources where id in (select res_id from sys_role_resources where role_id = ?) 
2019-12-09 15:43:34,540 DEBUG (JakartaCommonsLoggingImpl.java:54)- ==> Parameters: 1(Long)
2019-12-09 15:43:34,543 DEBUG (JakartaCommonsLoggingImpl.java:54)- <==      Total: 10
2019-12-09 15:47:08,590 DEBUG (JakartaCommonsLoggingImpl.java:54)- ==>  Preparing: select id,username,password,name,id_card_num,state from sys_user where username = ? 
2019-12-09 15:47:08,591 DEBUG (JakartaCommonsLoggingImpl.java:54)- ==> Parameters: admin(String)
2019-12-09 15:47:08,592 DEBUG (JakartaCommonsLoggingImpl.java:54)- <==      Total: 1
2019-12-09 15:47:08,593 DEBUG (JakartaCommonsLoggingImpl.java:54)- ==>  Preparing: select id,name from sys_role where id in (select rid from sys_user_role where uid = ?) 
2019-12-09 15:47:08,593 DEBUG (JakartaCommonsLoggingImpl.java:54)- ==> Parameters: 1(Long)
2019-12-09 15:47:08,594 DEBUG (JakartaCommonsLoggingImpl.java:54)- <==      Total: 1
2019-12-09 15:47:08,595 DEBUG (JakartaCommonsLoggingImpl.java:54)- ==>  Preparing: select id,name,url,type,pid from sys_resources where id in (select res_id from sys_role_resources where role_id = ?) 
2019-12-09 15:47:08,595 DEBUG (JakartaCommonsLoggingImpl.java:54)- ==> Parameters: 1(Long)
2019-12-09 15:47:08,598 DEBUG (JakartaCommonsLoggingImpl.java:54)- <==      Total: 10
2019-12-09 15:55:31,409 DEBUG (JakartaCommonsLoggingImpl.java:54)- ==>  Preparing: select id,username,password,name,id_card_num,state from sys_user where username = ? 
2019-12-09 15:55:31,409 DEBUG (JakartaCommonsLoggingImpl.java:54)- ==> Parameters: admin(String)
2019-12-09 15:55:31,411 DEBUG (JakartaCommonsLoggingImpl.java:54)- <==      Total: 1
2019-12-09 15:55:31,411 DEBUG (JakartaCommonsLoggingImpl.java:54)- ==>  Preparing: select id,name from sys_role where id in (select rid from sys_user_role where uid = ?) 
2019-12-09 15:55:31,412 DEBUG (JakartaCommonsLoggingImpl.java:54)- ==> Parameters: 1(Long)
2019-12-09 15:55:31,413 DEBUG (JakartaCommonsLoggingImpl.java:54)- <==      Total: 1
2019-12-09 15:55:31,414 DEBUG (JakartaCommonsLoggingImpl.java:54)- ==>  Preparing: select id,name,url,type,pid from sys_resources where id in (select res_id from sys_role_resources where role_id = ?) 
2019-12-09 15:55:31,414 DEBUG (JakartaCommonsLoggingImpl.java:54)- ==> Parameters: 1(Long)
2019-12-09 15:55:31,422 DEBUG (JakartaCommonsLoggingImpl.java:54)- <==      Total: 10
2019-12-09 16:10:17,626 INFO (StartupInfoLogger.java:55)- Starting Startup on LAPTOP-3H9KE96D with PID 10668 (D:\projects\ShoppingMall\chq-oauth2server\target\classes started by 17869 in D:\projects\ShoppingMall)
2019-12-09 16:10:17,629 DEBUG (StartupInfoLogger.java:56)- Running with Spring Boot v2.2.1.RELEASE, Spring v5.2.1.RELEASE
2019-12-09 16:10:17,630 INFO (SpringApplication.java:651)- No active profile set, falling back to default profiles: default
2019-12-09 16:10:20,951 INFO (StartupInfoLogger.java:61)- Started Startup in 3.95 seconds (JVM running for 5.607)
2019-12-09 16:10:25,521 DEBUG (JakartaCommonsLoggingImpl.java:54)- ==>  Preparing: select id,username,password,name,id_card_num,state from sys_user where username = ? 
2019-12-09 16:10:25,628 DEBUG (JakartaCommonsLoggingImpl.java:54)- ==> Parameters: admin(String)
2019-12-09 16:10:25,653 DEBUG (JakartaCommonsLoggingImpl.java:54)- <==      Total: 1
2019-12-09 16:10:25,658 DEBUG (JakartaCommonsLoggingImpl.java:54)- ==>  Preparing: select id,name from sys_role where id in (select rid from sys_user_role where uid = ?) 
2019-12-09 16:10:25,661 DEBUG (JakartaCommonsLoggingImpl.java:54)- ==> Parameters: 1(Long)
2019-12-09 16:10:25,663 DEBUG (JakartaCommonsLoggingImpl.java:54)- <==      Total: 1
2019-12-09 16:10:25,664 DEBUG (JakartaCommonsLoggingImpl.java:54)- ==>  Preparing: select id,name,url,type,pid from sys_resources where id in (select res_id from sys_role_resources where role_id = ?) 
2019-12-09 16:10:25,665 DEBUG (JakartaCommonsLoggingImpl.java:54)- ==> Parameters: 1(Long)
2019-12-09 16:10:25,668 DEBUG (JakartaCommonsLoggingImpl.java:54)- <==      Total: 10
2019-12-09 16:11:41,255 DEBUG (JakartaCommonsLoggingImpl.java:54)- ==>  Preparing: select id,username,password,name,id_card_num,state from sys_user where username = ? 
2019-12-09 16:11:41,256 DEBUG (JakartaCommonsLoggingImpl.java:54)- ==> Parameters: admin(String)
2019-12-09 16:11:41,258 DEBUG (JakartaCommonsLoggingImpl.java:54)- <==      Total: 1
2019-12-09 16:11:41,259 DEBUG (JakartaCommonsLoggingImpl.java:54)- ==>  Preparing: select id,name from sys_role where id in (select rid from sys_user_role where uid = ?) 
2019-12-09 16:11:41,259 DEBUG (JakartaCommonsLoggingImpl.java:54)- ==> Parameters: 1(Long)
2019-12-09 16:11:41,260 DEBUG (JakartaCommonsLoggingImpl.java:54)- <==      Total: 1
2019-12-09 16:11:41,261 DEBUG (JakartaCommonsLoggingImpl.java:54)- ==>  Preparing: select id,name,url,type,pid from sys_resources where id in (select res_id from sys_role_resources where role_id = ?) 
2019-12-09 16:11:41,261 DEBUG (JakartaCommonsLoggingImpl.java:54)- ==> Parameters: 1(Long)
2019-12-09 16:11:41,267 DEBUG (JakartaCommonsLoggingImpl.java:54)- <==      Total: 10
2019-12-09 16:12:32,311 DEBUG (JakartaCommonsLoggingImpl.java:54)- ==>  Preparing: select id,username,password,name,id_card_num,state from sys_user where username = ? 
2019-12-09 16:12:32,313 DEBUG (JakartaCommonsLoggingImpl.java:54)- ==> Parameters: admin(String)
2019-12-09 16:12:32,315 DEBUG (JakartaCommonsLoggingImpl.java:54)- <==      Total: 1
2019-12-09 16:12:32,316 DEBUG (JakartaCommonsLoggingImpl.java:54)- ==>  Preparing: select id,name from sys_role where id in (select rid from sys_user_role where uid = ?) 
2019-12-09 16:12:32,316 DEBUG (JakartaCommonsLoggingImpl.java:54)- ==> Parameters: 1(Long)
2019-12-09 16:12:32,317 DEBUG (JakartaCommonsLoggingImpl.java:54)- <==      Total: 1
2019-12-09 16:12:32,317 DEBUG (JakartaCommonsLoggingImpl.java:54)- ==>  Preparing: select id,name,url,type,pid from sys_resources where id in (select res_id from sys_role_resources where role_id = ?) 
2019-12-09 16:12:32,318 DEBUG (JakartaCommonsLoggingImpl.java:54)- ==> Parameters: 1(Long)
2019-12-09 16:12:32,320 DEBUG (JakartaCommonsLoggingImpl.java:54)- <==      Total: 10
2019-12-09 16:13:59,790 DEBUG (JakartaCommonsLoggingImpl.java:54)- ==>  Preparing: select id,username,password,name,id_card_num,state from sys_user where username = ? 
2019-12-09 16:13:59,790 DEBUG (JakartaCommonsLoggingImpl.java:54)- ==> Parameters: admin(String)
2019-12-09 16:13:59,792 DEBUG (JakartaCommonsLoggingImpl.java:54)- <==      Total: 1
2019-12-09 16:13:59,793 DEBUG (JakartaCommonsLoggingImpl.java:54)- ==>  Preparing: select id,name from sys_role where id in (select rid from sys_user_role where uid = ?) 
2019-12-09 16:13:59,793 DEBUG (JakartaCommonsLoggingImpl.java:54)- ==> Parameters: 1(Long)
2019-12-09 16:13:59,794 DEBUG (JakartaCommonsLoggingImpl.java:54)- <==      Total: 1
2019-12-09 16:13:59,797 DEBUG (JakartaCommonsLoggingImpl.java:54)- ==>  Preparing: select id,name,url,type,pid from sys_resources where id in (select res_id from sys_role_resources where role_id = ?) 
2019-12-09 16:13:59,797 DEBUG (JakartaCommonsLoggingImpl.java:54)- ==> Parameters: 1(Long)
2019-12-09 16:13:59,799 DEBUG (JakartaCommonsLoggingImpl.java:54)- <==      Total: 10
2019-12-09 16:14:47,260 DEBUG (JakartaCommonsLoggingImpl.java:54)- ==>  Preparing: select id,username,password,name,id_card_num,state from sys_user where username = ? 
2019-12-09 16:14:47,261 DEBUG (JakartaCommonsLoggingImpl.java:54)- ==> Parameters: admin(String)
2019-12-09 16:14:47,262 DEBUG (JakartaCommonsLoggingImpl.java:54)- <==      Total: 1
2019-12-09 16:14:47,263 DEBUG (JakartaCommonsLoggingImpl.java:54)- ==>  Preparing: select id,name from sys_role where id in (select rid from sys_user_role where uid = ?) 
2019-12-09 16:14:47,264 DEBUG (JakartaCommonsLoggingImpl.java:54)- ==> Parameters: 1(Long)
2019-12-09 16:14:47,265 DEBUG (JakartaCommonsLoggingImpl.java:54)- <==      Total: 1
2019-12-09 16:14:47,266 DEBUG (JakartaCommonsLoggingImpl.java:54)- ==>  Preparing: select id,name,url,type,pid from sys_resources where id in (select res_id from sys_role_resources where role_id = ?) 
2019-12-09 16:14:47,266 DEBUG (JakartaCommonsLoggingImpl.java:54)- ==> Parameters: 1(Long)
2019-12-09 16:14:47,268 DEBUG (JakartaCommonsLoggingImpl.java:54)- <==      Total: 10
2019-12-09 16:15:06,184 DEBUG (JakartaCommonsLoggingImpl.java:54)- ==>  Preparing: select id,username,password,name,id_card_num,state from sys_user where username = ? 
2019-12-09 16:15:06,185 DEBUG (JakartaCommonsLoggingImpl.java:54)- ==> Parameters: admin(String)
2019-12-09 16:15:06,187 DEBUG (JakartaCommonsLoggingImpl.java:54)- <==      Total: 1
2019-12-09 16:15:06,189 DEBUG (JakartaCommonsLoggingImpl.java:54)- ==>  Preparing: select id,name from sys_role where id in (select rid from sys_user_role where uid = ?) 
2019-12-09 16:15:06,189 DEBUG (JakartaCommonsLoggingImpl.java:54)- ==> Parameters: 1(Long)
2019-12-09 16:15:06,190 DEBUG (JakartaCommonsLoggingImpl.java:54)- <==      Total: 1
2019-12-09 16:15:06,191 DEBUG (JakartaCommonsLoggingImpl.java:54)- ==>  Preparing: select id,name,url,type,pid from sys_resources where id in (select res_id from sys_role_resources where role_id = ?) 
2019-12-09 16:15:06,192 DEBUG (JakartaCommonsLoggingImpl.java:54)- ==> Parameters: 1(Long)
2019-12-09 16:15:06,195 DEBUG (JakartaCommonsLoggingImpl.java:54)- <==      Total: 10
2019-12-09 16:20:30,531 DEBUG (JakartaCommonsLoggingImpl.java:54)- ==>  Preparing: select id,username,password,name,id_card_num,state from sys_user where username = ? 
2019-12-09 16:20:30,532 DEBUG (JakartaCommonsLoggingImpl.java:54)- ==> Parameters: admin(String)
2019-12-09 16:20:30,533 DEBUG (JakartaCommonsLoggingImpl.java:54)- <==      Total: 1
2019-12-09 16:20:30,582 DEBUG (JakartaCommonsLoggingImpl.java:54)- ==>  Preparing: select id,username,password,name,id_card_num,state from sys_user where username = ? 
2019-12-09 16:20:30,582 DEBUG (JakartaCommonsLoggingImpl.java:54)- ==> Parameters: admin(String)
2019-12-09 16:20:30,583 DEBUG (JakartaCommonsLoggingImpl.java:54)- <==      Total: 1
2019-12-09 16:20:30,584 DEBUG (JakartaCommonsLoggingImpl.java:54)- ==>  Preparing: select id,name from sys_role where id in (select rid from sys_user_role where uid = ?) 
2019-12-09 16:20:30,585 DEBUG (JakartaCommonsLoggingImpl.java:54)- ==> Parameters: 1(Long)
2019-12-09 16:20:30,586 DEBUG (JakartaCommonsLoggingImpl.java:54)- <==      Total: 1
2019-12-09 16:20:30,587 DEBUG (JakartaCommonsLoggingImpl.java:54)- ==>  Preparing: select id,name,url,type,pid from sys_resources where id in (select res_id from sys_role_resources where role_id = ?) 
2019-12-09 16:20:30,587 DEBUG (JakartaCommonsLoggingImpl.java:54)- ==> Parameters: 1(Long)
2019-12-09 16:20:30,593 DEBUG (JakartaCommonsLoggingImpl.java:54)- <==      Total: 10
2019-12-09 16:20:57,151 DEBUG (JakartaCommonsLoggingImpl.java:54)- ==>  Preparing: select id,username,password,name,id_card_num,state from sys_user where username = ? 
2019-12-09 16:20:57,151 DEBUG (JakartaCommonsLoggingImpl.java:54)- ==> Parameters: admin(String)
2019-12-09 16:20:57,153 DEBUG (JakartaCommonsLoggingImpl.java:54)- <==      Total: 1
2019-12-09 16:20:57,154 DEBUG (JakartaCommonsLoggingImpl.java:54)- ==>  Preparing: select id,name from sys_role where id in (select rid from sys_user_role where uid = ?) 
2019-12-09 16:20:57,154 DEBUG (JakartaCommonsLoggingImpl.java:54)- ==> Parameters: 1(Long)
2019-12-09 16:20:57,155 DEBUG (JakartaCommonsLoggingImpl.java:54)- <==      Total: 1
2019-12-09 16:20:57,156 DEBUG (JakartaCommonsLoggingImpl.java:54)- ==>  Preparing: select id,name,url,type,pid from sys_resources where id in (select res_id from sys_role_resources where role_id = ?) 
2019-12-09 16:20:57,157 DEBUG (JakartaCommonsLoggingImpl.java:54)- ==> Parameters: 1(Long)
2019-12-09 16:20:57,158 DEBUG (JakartaCommonsLoggingImpl.java:54)- <==      Total: 10
2019-12-09 16:21:09,414 DEBUG (JakartaCommonsLoggingImpl.java:54)- ==>  Preparing: select id,username,password,name,id_card_num,state from sys_user where username = ? 
2019-12-09 16:21:09,414 DEBUG (JakartaCommonsLoggingImpl.java:54)- ==> Parameters: admin(String)
2019-12-09 16:21:09,415 DEBUG (JakartaCommonsLoggingImpl.java:54)- <==      Total: 1
2019-12-09 16:21:09,416 DEBUG (JakartaCommonsLoggingImpl.java:54)- ==>  Preparing: select id,name from sys_role where id in (select rid from sys_user_role where uid = ?) 
2019-12-09 16:21:09,416 DEBUG (JakartaCommonsLoggingImpl.java:54)- ==> Parameters: 1(Long)
2019-12-09 16:21:09,417 DEBUG (JakartaCommonsLoggingImpl.java:54)- <==      Total: 1
2019-12-09 16:21:09,418 DEBUG (JakartaCommonsLoggingImpl.java:54)- ==>  Preparing: select id,name,url,type,pid from sys_resources where id in (select res_id from sys_role_resources where role_id = ?) 
2019-12-09 16:21:09,418 DEBUG (JakartaCommonsLoggingImpl.java:54)- ==> Parameters: 1(Long)
2019-12-09 16:21:09,421 DEBUG (JakartaCommonsLoggingImpl.java:54)- <==      Total: 10
2019-12-09 16:21:34,759 DEBUG (JakartaCommonsLoggingImpl.java:54)- ==>  Preparing: select id,username,password,name,id_card_num,state from sys_user where username = ? 
2019-12-09 16:21:34,760 DEBUG (JakartaCommonsLoggingImpl.java:54)- ==> Parameters: admin(String)
2019-12-09 16:21:34,761 DEBUG (JakartaCommonsLoggingImpl.java:54)- <==      Total: 1
2019-12-09 16:21:34,762 DEBUG (JakartaCommonsLoggingImpl.java:54)- ==>  Preparing: select id,name from sys_role where id in (select rid from sys_user_role where uid = ?) 
2019-12-09 16:21:34,762 DEBUG (JakartaCommonsLoggingImpl.java:54)- ==> Parameters: 1(Long)
2019-12-09 16:21:34,763 DEBUG (JakartaCommonsLoggingImpl.java:54)- <==      Total: 1
2019-12-09 16:21:34,764 DEBUG (JakartaCommonsLoggingImpl.java:54)- ==>  Preparing: select id,name,url,type,pid from sys_resources where id in (select res_id from sys_role_resources where role_id = ?) 
2019-12-09 16:21:34,764 DEBUG (JakartaCommonsLoggingImpl.java:54)- ==> Parameters: 1(Long)
2019-12-09 16:21:34,765 DEBUG (JakartaCommonsLoggingImpl.java:54)- <==      Total: 10
2019-12-09 16:22:19,826 DEBUG (JakartaCommonsLoggingImpl.java:54)- ==>  Preparing: select id,username,password,name,id_card_num,state from sys_user where username = ? 
2019-12-09 16:22:19,828 DEBUG (JakartaCommonsLoggingImpl.java:54)- ==> Parameters: admin(String)
2019-12-09 16:22:19,830 DEBUG (JakartaCommonsLoggingImpl.java:54)- <==      Total: 1
2019-12-09 16:22:19,844 DEBUG (JakartaCommonsLoggingImpl.java:54)- ==>  Preparing: select id,username,password,name,id_card_num,state from sys_user where username = ? 
2019-12-09 16:22:19,846 DEBUG (JakartaCommonsLoggingImpl.java:54)- ==> Parameters: admin(String)
2019-12-09 16:22:19,849 DEBUG (JakartaCommonsLoggingImpl.java:54)- <==      Total: 1
2019-12-09 16:22:19,850 DEBUG (JakartaCommonsLoggingImpl.java:54)- ==>  Preparing: select id,name from sys_role where id in (select rid from sys_user_role where uid = ?) 
2019-12-09 16:22:19,851 DEBUG (JakartaCommonsLoggingImpl.java:54)- ==> Parameters: 1(Long)
2019-12-09 16:22:19,852 DEBUG (JakartaCommonsLoggingImpl.java:54)- <==      Total: 1
2019-12-09 16:22:19,853 DEBUG (JakartaCommonsLoggingImpl.java:54)- ==>  Preparing: select id,name,url,type,pid from sys_resources where id in (select res_id from sys_role_resources where role_id = ?) 
2019-12-09 16:22:19,853 DEBUG (JakartaCommonsLoggingImpl.java:54)- ==> Parameters: 1(Long)
2019-12-09 16:22:19,856 DEBUG (JakartaCommonsLoggingImpl.java:54)- <==      Total: 10
