2019-12-03 16:25:56,114 INFO (DemoIndex.java:25)- 开始访问controller
2019-12-03 16:32:25,946 INFO (StartupInfoLogger.java:55)- Starting Startup on LAPTOP-3H9KE96D with PID 108292 (D:\projects\ShoppingMall\chq-admin\target\classes started by 17869 in D:\projects\ShoppingMall)
2019-12-03 16:32:25,952 DEBUG (StartupInfoLogger.java:56)- Running with Spring Boot v2.2.1.RELEASE, Spring v5.2.1.RELEASE
2019-12-03 16:32:25,954 INFO (SpringApplication.java:651)- No active profile set, falling back to default profiles: default
2019-12-03 16:32:27,319 INFO (StartupInfoLogger.java:61)- Started Startup in 1.963 seconds (JVM running for 2.776)
2019-12-03 16:32:28,771 INFO (DemoIndex.java:25)- 开始访问controller
2019-12-03 16:32:28,775 ERROR (GlobalExceptionHandler.java:31)- =============暂无权限=================
2019-12-03 16:37:54,846 INFO (StartupInfoLogger.java:55)- Starting Startup on LAPTOP-3H9KE96D with PID 88192 (D:\projects\ShoppingMall\chq-admin\target\classes started by 17869 in D:\projects\ShoppingMall)
2019-12-03 16:37:54,846 DEBUG (StartupInfoLogger.java:56)- Running with Spring Boot v2.2.1.RELEASE, Spring v5.2.1.RELEASE
2019-12-03 16:37:54,846 INFO (SpringApplication.java:651)- No active profile set, falling back to default profiles: default
2019-12-03 16:37:56,224 INFO (StartupInfoLogger.java:61)- Started Startup in 2.065 seconds (JVM running for 2.95)
2019-12-03 16:38:00,759 INFO (DemoIndex.java:25)- 开始访问controller
2019-12-03 16:38:00,763 ERROR (GlobalExceptionHandler.java:31)- =============暂无权限=================
2019-12-03 16:45:02,571 INFO (DemoIndex.java:25)- 开始访问controller
2019-12-03 16:46:20,871 INFO (StartupInfoLogger.java:55)- Starting Startup on LAPTOP-3H9KE96D with PID 106160 (D:\projects\ShoppingMall\chq-admin\target\classes started by 17869 in D:\projects\ShoppingMall)
2019-12-03 16:46:20,876 DEBUG (StartupInfoLogger.java:56)- Running with Spring Boot v2.2.1.RELEASE, Spring v5.2.1.RELEASE
2019-12-03 16:46:20,877 INFO (SpringApplication.java:651)- No active profile set, falling back to default profiles: default
2019-12-03 16:46:22,379 INFO (StartupInfoLogger.java:61)- Started Startup in 2.265 seconds (JVM running for 3.122)
2019-12-03 16:46:23,137 INFO (DemoIndex.java:25)- 开始访问controller
2019-12-03 16:46:59,631 INFO (StartupInfoLogger.java:55)- Starting Startup on LAPTOP-3H9KE96D with PID 101232 (D:\projects\ShoppingMall\chq-admin\target\classes started by 17869 in D:\projects\ShoppingMall)
2019-12-03 16:46:59,637 DEBUG (StartupInfoLogger.java:56)- Running with Spring Boot v2.2.1.RELEASE, Spring v5.2.1.RELEASE
2019-12-03 16:46:59,638 INFO (SpringApplication.java:651)- No active profile set, falling back to default profiles: default
2019-12-03 16:47:00,864 INFO (StartupInfoLogger.java:61)- Started Startup in 1.803 seconds (JVM running for 2.641)
2019-12-03 16:47:05,763 INFO (DemoIndex.java:25)- 开始访问controller
2019-12-03 16:47:28,016 INFO (StartupInfoLogger.java:55)- Starting Startup on LAPTOP-3H9KE96D with PID 100048 (D:\projects\ShoppingMall\chq-admin\target\classes started by 17869 in D:\projects\ShoppingMall)
2019-12-03 16:47:28,019 DEBUG (StartupInfoLogger.java:56)- Running with Spring Boot v2.2.1.RELEASE, Spring v5.2.1.RELEASE
2019-12-03 16:47:28,020 INFO (SpringApplication.java:651)- No active profile set, falling back to default profiles: default
2019-12-03 16:47:29,376 INFO (StartupInfoLogger.java:61)- Started Startup in 2.13 seconds (JVM running for 3.2)
2019-12-03 16:47:54,065 INFO (DemoIndex.java:25)- 开始访问controller
2019-12-03 17:18:47,715 INFO (StartupInfoLogger.java:55)- Starting Startup on LAPTOP-3H9KE96D with PID 90672 (D:\projects\ShoppingMall\chq-admin\target\classes started by 17869 in D:\projects\ShoppingMall)
2019-12-03 17:18:47,722 DEBUG (StartupInfoLogger.java:56)- Running with Spring Boot v2.2.1.RELEASE, Spring v5.2.1.RELEASE
2019-12-03 17:18:47,723 INFO (SpringApplication.java:651)- No active profile set, falling back to default profiles: default
2019-12-03 17:18:49,065 INFO (StartupInfoLogger.java:61)- Started Startup in 2.254 seconds (JVM running for 3.23)
2019-12-03 17:18:49,203 INFO (DemoIndex.java:26)- 开始访问controller
2019-12-03 17:21:28,219 INFO (StartupInfoLogger.java:55)- Starting Startup on LAPTOP-3H9KE96D with PID 67892 (D:\projects\ShoppingMall\chq-admin\target\classes started by 17869 in D:\projects\ShoppingMall)
2019-12-03 17:21:28,223 DEBUG (StartupInfoLogger.java:56)- Running with Spring Boot v2.2.1.RELEASE, Spring v5.2.1.RELEASE
2019-12-03 17:21:28,224 INFO (SpringApplication.java:651)- No active profile set, falling back to default profiles: default
2019-12-03 17:21:29,581 INFO (StartupInfoLogger.java:61)- Started Startup in 2.109 seconds (JVM running for 3.284)
2019-12-03 17:21:36,025 INFO (DemoIndex.java:26)- 开始访问controller
2019-12-03 17:24:49,739 INFO (StartupInfoLogger.java:55)- Starting Startup on LAPTOP-3H9KE96D with PID 107912 (D:\projects\ShoppingMall\chq-admin\target\classes started by 17869 in D:\projects\ShoppingMall)
2019-12-03 17:24:49,780 DEBUG (StartupInfoLogger.java:56)- Running with Spring Boot v2.2.1.RELEASE, Spring v5.2.1.RELEASE
2019-12-03 17:24:49,781 INFO (SpringApplication.java:651)- No active profile set, falling back to default profiles: default
2019-12-03 17:24:50,925 INFO (StartupInfoLogger.java:61)- Started Startup in 1.836 seconds (JVM running for 2.72)
2019-12-03 17:24:55,017 INFO (DemoIndex.java:26)- 开始访问controller
2019-12-03 17:26:31,646 INFO (StartupInfoLogger.java:55)- Starting Startup on LAPTOP-3H9KE96D with PID 108268 (D:\projects\ShoppingMall\chq-admin\target\classes started by 17869 in D:\projects\ShoppingMall)
2019-12-03 17:26:31,649 DEBUG (StartupInfoLogger.java:56)- Running with Spring Boot v2.2.1.RELEASE, Spring v5.2.1.RELEASE
2019-12-03 17:26:31,650 INFO (SpringApplication.java:651)- No active profile set, falling back to default profiles: default
2019-12-03 17:26:33,029 INFO (StartupInfoLogger.java:61)- Started Startup in 2.156 seconds (JVM running for 3.054)
2019-12-03 17:26:34,689 INFO (DemoIndex.java:26)- 开始访问controller
2019-12-03 17:27:53,920 INFO (StartupInfoLogger.java:55)- Starting Startup on LAPTOP-3H9KE96D with PID 89732 (D:\projects\ShoppingMall\chq-admin\target\classes started by 17869 in D:\projects\ShoppingMall)
2019-12-03 17:27:53,924 DEBUG (StartupInfoLogger.java:56)- Running with Spring Boot v2.2.1.RELEASE, Spring v5.2.1.RELEASE
2019-12-03 17:27:53,924 INFO (SpringApplication.java:651)- No active profile set, falling back to default profiles: default
2019-12-03 17:27:55,138 INFO (StartupInfoLogger.java:61)- Started Startup in 1.895 seconds (JVM running for 2.834)
2019-12-03 17:27:59,151 INFO (DemoIndex.java:26)- 开始访问controller
2019-12-03 17:29:31,339 INFO (StartupInfoLogger.java:55)- Starting Startup on LAPTOP-3H9KE96D with PID 94516 (D:\projects\ShoppingMall\chq-admin\target\classes started by 17869 in D:\projects\ShoppingMall)
2019-12-03 17:29:31,342 DEBUG (StartupInfoLogger.java:56)- Running with Spring Boot v2.2.1.RELEASE, Spring v5.2.1.RELEASE
2019-12-03 17:29:31,343 INFO (SpringApplication.java:651)- No active profile set, falling back to default profiles: default
2019-12-03 17:29:34,072 INFO (StartupInfoLogger.java:61)- Started Startup in 3.398 seconds (JVM running for 4.269)
2019-12-03 17:29:43,369 INFO (DemoIndex.java:26)- 开始访问controller
2019-12-03 17:32:10,072 INFO (StartupInfoLogger.java:55)- Starting Startup on LAPTOP-3H9KE96D with PID 109064 (D:\projects\ShoppingMall\chq-admin\target\classes started by 17869 in D:\projects\ShoppingMall)
2019-12-03 17:32:10,077 DEBUG (StartupInfoLogger.java:56)- Running with Spring Boot v2.2.1.RELEASE, Spring v5.2.1.RELEASE
2019-12-03 17:32:10,078 INFO (SpringApplication.java:651)- No active profile set, falling back to default profiles: default
2019-12-03 17:32:11,600 INFO (StartupInfoLogger.java:61)- Started Startup in 2.251 seconds (JVM running for 3.155)
2019-12-03 17:32:14,387 INFO (DemoIndex.java:26)- 开始访问controller
2019-12-03 17:36:50,272 INFO (StartupInfoLogger.java:55)- Starting Startup on LAPTOP-3H9KE96D with PID 96628 (D:\projects\ShoppingMall\chq-admin\target\classes started by 17869 in D:\projects\ShoppingMall)
2019-12-03 17:36:50,280 DEBUG (StartupInfoLogger.java:56)- Running with Spring Boot v2.2.1.RELEASE, Spring v5.2.1.RELEASE
2019-12-03 17:36:50,280 INFO (SpringApplication.java:651)- No active profile set, falling back to default profiles: default
2019-12-03 17:36:51,700 INFO (StartupInfoLogger.java:61)- Started Startup in 2.063 seconds (JVM running for 3.229)
2019-12-03 17:36:57,753 INFO (DemoIndex.java:26)- 开始访问controller
2019-12-03 17:37:39,258 INFO (StartupInfoLogger.java:55)- Starting Startup on LAPTOP-3H9KE96D with PID 94804 (D:\projects\ShoppingMall\chq-admin\target\classes started by 17869 in D:\projects\ShoppingMall)
2019-12-03 17:37:39,263 DEBUG (StartupInfoLogger.java:56)- Running with Spring Boot v2.2.1.RELEASE, Spring v5.2.1.RELEASE
2019-12-03 17:37:39,264 INFO (SpringApplication.java:651)- No active profile set, falling back to default profiles: default
2019-12-03 17:37:40,644 INFO (StartupInfoLogger.java:61)- Started Startup in 2.034 seconds (JVM running for 2.918)
2019-12-03 17:37:45,540 INFO (DemoIndex.java:26)- 开始访问controller
2019-12-03 17:39:11,003 INFO (StartupInfoLogger.java:55)- Starting Startup on LAPTOP-3H9KE96D with PID 109016 (D:\projects\ShoppingMall\chq-admin\target\classes started by 17869 in D:\projects\ShoppingMall)
2019-12-03 17:39:11,008 DEBUG (StartupInfoLogger.java:56)- Running with Spring Boot v2.2.1.RELEASE, Spring v5.2.1.RELEASE
2019-12-03 17:39:11,009 INFO (SpringApplication.java:651)- No active profile set, falling back to default profiles: default
2019-12-03 17:39:12,284 INFO (StartupInfoLogger.java:61)- Started Startup in 2.036 seconds (JVM running for 2.881)
2019-12-03 17:39:17,571 INFO (DemoIndex.java:26)- 开始访问controller
2019-12-03 19:36:40,802 INFO (StartupInfoLogger.java:55)- Starting Startup on LAPTOP-3H9KE96D with PID 105808 (D:\projects\ShoppingMall\chq-admin\target\classes started by 17869 in D:\projects\ShoppingMall)
2019-12-03 19:36:40,807 DEBUG (StartupInfoLogger.java:56)- Running with Spring Boot v2.2.1.RELEASE, Spring v5.2.1.RELEASE
2019-12-03 19:36:40,807 INFO (SpringApplication.java:651)- No active profile set, falling back to default profiles: default
2019-12-03 19:36:43,781 INFO (StartupInfoLogger.java:61)- Started Startup in 3.972 seconds (JVM running for 7.005)
2019-12-03 19:36:49,694 INFO (DemoIndex.java:26)- 开始访问controller
2019-12-03 19:45:31,028 INFO (StartupInfoLogger.java:55)- Starting Startup on LAPTOP-3H9KE96D with PID 84184 (D:\projects\ShoppingMall\chq-admin\target\classes started by 17869 in D:\projects\ShoppingMall)
2019-12-03 19:45:31,033 DEBUG (StartupInfoLogger.java:56)- Running with Spring Boot v2.2.1.RELEASE, Spring v5.2.1.RELEASE
2019-12-03 19:45:31,034 INFO (SpringApplication.java:651)- No active profile set, falling back to default profiles: default
2019-12-03 19:45:33,216 INFO (StartupInfoLogger.java:61)- Started Startup in 3.093 seconds (JVM running for 4.204)
